\BOOKMARK [0][]{cover.0}{Capa}{}% 1
\BOOKMARK [0][]{titulo.0}{Folha de Rosto}{}% 2
\BOOKMARK [0][]{cip.0}{Verso da Folha de Rosto}{}% 3
\BOOKMARK [0][]{aprovacao.0}{Folha da Banca}{}% 4
\BOOKMARK [0][]{dedication.0}{Dedicat\363ria}{}% 5
\BOOKMARK [0][]{acknowledgment.0}{Agradecimentos}{}% 6
\BOOKMARK [0][]{epigrafe.0}{Ep\355grafe}{}% 7
\BOOKMARK [0][]{resumo.0}{Resumo}{}% 8
\BOOKMARK [0][]{abstract.0}{Abstract}{}% 9
\BOOKMARK [0][]{listafiguras.0}{Lista de Figuras}{}% 10
\BOOKMARK [0][]{contents.0}{Sum\341rio}{}% 11
\BOOKMARK [0][]{chapter.1}{1 Introdu\347\343o}{}% 12
\BOOKMARK [1][]{section.1.1}{1.1 Motiva\347\343o}{chapter.1}% 13
\BOOKMARK [1][]{section.1.2}{1.2 Objetivo}{chapter.1}% 14
\BOOKMARK [1][]{section.1.3}{1.3 Ferramentas}{chapter.1}% 15
\BOOKMARK [2][]{subsection.1.3.1}{1.3.1 Emscripten}{section.1.3}% 16
\BOOKMARK [2][]{subsection.1.3.2}{1.3.2 OpenGL}{section.1.3}% 17
\BOOKMARK [2][]{subsection.1.3.3}{1.3.3 SDL2}{section.1.3}% 18
\BOOKMARK [0][]{chapter.2}{2 Desenvolvimento}{}% 19
\BOOKMARK [1][]{section.2.1}{2.1 Hello World}{chapter.2}% 20
\BOOKMARK [1][]{section.2.2}{2.2 Cria\347\343o de modelos}{chapter.2}% 21
\BOOKMARK [1][]{section.2.3}{2.3 Cria\347\343o de uma camera com perspectiva}{chapter.2}% 22
\BOOKMARK [1][]{section.2.4}{2.4 Input do Usu\341rio}{chapter.2}% 23
\BOOKMARK [1][]{section.2.5}{2.5 Provas de Conceito}{chapter.2}% 24
\BOOKMARK [0][]{chapter.3}{3 Documenta\347\343o}{}% 25
\BOOKMARK [1][]{section.3.1}{3.1 Classe Game}{chapter.3}% 26
\BOOKMARK [2][]{subsection.3.1.1}{3.1.1 void Load\(\)}{section.3.1}% 27
\BOOKMARK [2][]{subsection.3.1.2}{3.1.2 void Update\(\)}{section.3.1}% 28
\BOOKMARK [2][]{subsection.3.1.3}{3.1.3 void Draw\(\)}{section.3.1}% 29
\BOOKMARK [1][]{section.3.2}{3.2 Classe Transform}{chapter.3}% 30
\BOOKMARK [2][]{subsection.3.2.1}{3.2.1 Transform\(\)}{section.3.2}% 31
\BOOKMARK [2][]{subsection.3.2.2}{3.2.2 glm::vec3 forward\(\)}{section.3.2}% 32
\BOOKMARK [2][]{subsection.3.2.3}{3.2.3 glm::vec3 up\(\)}{section.3.2}% 33
\BOOKMARK [2][]{subsection.3.2.4}{3.2.4 glm::vec3 right\(\)}{section.3.2}% 34
\BOOKMARK [2][]{subsection.3.2.5}{3.2.5 void Translate\(glm::vec3 translation\)}{section.3.2}% 35
\BOOKMARK [2][]{subsection.3.2.6}{3.2.6 void Rotate\(float angle, glm::vec3 axis\)}{section.3.2}% 36
\BOOKMARK [2][]{subsection.3.2.7}{3.2.7 glm::vec3 position}{section.3.2}% 37
\BOOKMARK [2][]{subsection.3.2.8}{3.2.8 glm::vec3 rotation}{section.3.2}% 38
\BOOKMARK [2][]{subsection.3.2.9}{3.2.9 glm::vec3 scale}{section.3.2}% 39
\BOOKMARK [1][]{section.3.3}{3.3 Classe Camera}{chapter.3}% 40
\BOOKMARK [2][]{subsection.3.3.1}{3.3.1 Camera\(const float fov, const float aspect\137ratio, const float near, const float far\)}{section.3.3}% 41
\BOOKMARK [2][]{subsection.3.3.2}{3.3.2 void Translate\(glm::vec3 translation\)}{section.3.3}% 42
\BOOKMARK [2][]{subsection.3.3.3}{3.3.3 void Rotate\(float angle, glm::vec3 axis\)}{section.3.3}% 43
\BOOKMARK [2][]{subsection.3.3.4}{3.3.4 void SetPosition\(glm::vec3 position\)}{section.3.3}% 44
\BOOKMARK [2][]{subsection.3.3.5}{3.3.5 void SetRotation\(glm::quat rotation\)}{section.3.3}% 45
\BOOKMARK [2][]{subsection.3.3.6}{3.3.6 glm::vec3 position\(\)}{section.3.3}% 46
\BOOKMARK [2][]{subsection.3.3.7}{3.3.7 glm::quat rotation\(\)}{section.3.3}% 47
\BOOKMARK [1][]{section.3.4}{3.4 Classe EventSystem}{chapter.3}% 48
\BOOKMARK [2][]{subsection.3.4.1}{3.4.1 EventSystem\(\)}{section.3.4}% 49
\BOOKMARK [2][]{subsection.3.4.2}{3.4.2 void Add\(Event e, Callback callback\)}{section.3.4}% 50
\BOOKMARK [2][]{subsection.3.4.3}{3.4.3 void Fire\(Event e\)}{section.3.4}% 51
\BOOKMARK [1][]{section.3.5}{3.5 Classe KeyboardInput}{chapter.3}% 52
\BOOKMARK [2][]{subsection.3.5.1}{3.5.1 KeyboardInput\(SDL\137KeyMapping *keymapping, const int mappingsize\)}{section.3.5}% 53
\BOOKMARK [2][]{subsection.3.5.2}{3.5.2 void BindAction\(const char *name, const InputType type, const std::function<void\(\)> callback\)}{section.3.5}% 54
\BOOKMARK [1][]{section.3.6}{3.6 Classe MouseInput}{chapter.3}% 55
\BOOKMARK [2][]{subsection.3.6.1}{3.6.1 MouseInput\(SDL\137MouseKeyMapping *keymapping, const int mappingsize\)}{section.3.6}% 56
\BOOKMARK [2][]{subsection.3.6.2}{3.6.2 void BindAction\(const char *name, const InputType type, const std::function<void\(\)> callback\)}{section.3.6}% 57
\BOOKMARK [2][]{subsection.3.6.3}{3.6.3 void BindMovement\(const std::function<void\(const MouseMovementData *d\)> callback\)}{section.3.6}% 58
\BOOKMARK [1][]{section.3.7}{3.7 Classe Scheduler}{chapter.3}% 59
\BOOKMARK [2][]{subsection.3.7.1}{3.7.1 Scheduler\(\)}{section.3.7}% 60
\BOOKMARK [2][]{subsection.3.7.2}{3.7.2 void Update\(SchedulerTime delta\137time\)}{section.3.7}% 61
\BOOKMARK [2][]{subsection.3.7.3}{3.7.3 void Add\(SchedulerTime dt, SchedulerTask task\)}{section.3.7}% 62
\BOOKMARK [2][]{subsection.3.7.4}{3.7.4 void Repeat\(SchedulerTime delay, SchedulerTime dt, SchedulerTask task\)}{section.3.7}% 63
\BOOKMARK [2][]{subsection.3.7.5}{3.7.5 void Repeat\(SchedulerTime dt, SchedulerTask task\)}{section.3.7}% 64
\BOOKMARK [1][]{section.3.8}{3.8 Namespace Time}{chapter.3}% 65
\BOOKMARK [2][]{subsection.3.8.1}{3.8.1 float GetDelta\(\)}{section.3.8}% 66
\BOOKMARK [2][]{subsection.3.8.2}{3.8.2 float GetTotal\(\)}{section.3.8}% 67
\BOOKMARK [1][]{section.3.9}{3.9 Namespace Graphics}{chapter.3}% 68
\BOOKMARK [2][]{subsection.3.9.1}{3.9.1 void Cube\(\)}{section.3.9}% 69
\BOOKMARK [2][]{subsection.3.9.2}{3.9.2 void SetMaterial\(glm::vec3 diffusecolor, glm::vec3 specularcolor\)}{section.3.9}% 70
\BOOKMARK [2][]{subsection.3.9.3}{3.9.3 void PointLight\(glm::vec3 position, glm::vec3 color, float intensity\)}{section.3.9}% 71
\BOOKMARK [2][]{subsection.3.9.4}{3.9.4 void SetAmbientLight\(glm::vec3 color\)}{section.3.9}% 72
\BOOKMARK [2][]{subsection.3.9.5}{3.9.5 void SetClearColor\(glm::vec3 color\)}{section.3.9}% 73
\BOOKMARK [2][]{subsection.3.9.6}{3.9.6 void SetCamera\(const Camera *camera\)}{section.3.9}% 74
\BOOKMARK [2][]{subsection.3.9.7}{3.9.7 void Clear\(\)}{section.3.9}% 75
\BOOKMARK [0][]{chapter.4}{4 Considera\347\365es Finais}{}% 76
\BOOKMARK [1][]{subsection.4.0.1}{4.0.1 Alta prioridade}{chapter.4}% 77
\BOOKMARK [2][]{subsection.4.0.2}{4.0.2 Media prioridade}{subsection.4.0.1}% 78
\BOOKMARK [2][]{subsection.4.0.3}{4.0.3 Baixa prioridade}{subsection.4.0.1}% 79
\BOOKMARK [0][]{chapter.5}{Refer\352ncias}{}% 80
\BOOKMARK [0][]{appendix.A}{A Representa\347\343o Matricial de Pontos, Vetores e Transforma\347\365es}{}% 81
\BOOKMARK [1][]{section.A.1}{A.1 Pontos e Vetores}{appendix.A}% 82
\BOOKMARK [1][]{section.A.2}{A.2 Transforma\347\365es}{appendix.A}% 83
\BOOKMARK [2][]{subsection.A.2.1}{A.2.1 Transla\347\343o}{section.A.2}% 84
\BOOKMARK [2][]{subsection.A.2.2}{A.2.2 Escala}{section.A.2}% 85
\BOOKMARK [2][]{subsection.A.2.3}{A.2.3 Rota\347\343o}{section.A.2}% 86
\BOOKMARK [2][]{subsection.A.2.4}{A.2.4 Proje\347\343o}{section.A.2}% 87
\BOOKMARK [0][]{bla.0}{Folha de Registro do Documento}{}% 88
